<?xml version="1.0" encoding="UTF-8"?>
<testsuite name="com.telran.phonebook.tests.RemoveContactTests" tests="1" skipped="0" failures="0" errors="0" timestamp="2022-09-12T07:56:59" hostname="MacBook-Pro-rodion.local" time="1.182">
  <properties/>
  <testcase name="removeContactPositiveTest" classname="com.telran.phonebook.tests.RemoveContactTests" time="1.182"/>
  <system-out><![CDATA[]]></system-out>
  <system-err><![CDATA[]]></system-err>
</testsuite>
