<?xml version="1.0" encoding="UTF-8"?>
<testsuite name="com.telran.phonebook.tests.CreateAccountTest" tests="1" skipped="0" failures="0" errors="0" timestamp="2022-09-12T09:20:22" hostname="MacBook-Pro-rodion.local" time="5.885">
  <properties/>
  <testcase name="createAccountNegativeTestWithoutPassword" classname="com.telran.phonebook.tests.CreateAccountTest" time="5.885"/>
  <system-out><![CDATA[]]></system-out>
  <system-err><![CDATA[Starting ChromeDriver 104.0.5112.79 (3cf3e8c8a07d104b9e1260c910efb8f383285dc5-refs/branch-heads/5112@{#1307}) on port 30594
Only local connections are allowed.
Please see https://chromedriver.chromium.org/security-considerations for suggestions on keeping ChromeDriver safe.
ChromeDriver was started successfully.
[1662974419.646][WARNING]: This version of ChromeDriver has not been tested with Chrome version 105.
сент. 12, 2022 12:20:19 PM org.openqa.selenium.remote.ProtocolHandshake createSession
INFO: Detected dialect: W3C
]]></system-err>
</testsuite>
