<?xml version="1.0" encoding="UTF-8"?>
<testsuite name="com.telran.phonebook.apiTests.HttpClientTests" tests="1" skipped="0" failures="0" errors="0" timestamp="2022-09-19T07:39:01" hostname="MacBook-Pro-rodion.local" time="1.014">
  <properties/>
  <testcase name="loginHttpClientNegativeTestWithInvalidPassword" classname="com.telran.phonebook.apiTests.HttpClientTests" time="1.014"/>
  <system-out><![CDATA[400
uri=/api/login
Password must contain at least one special symbol from ['$','~','-','_']!
2022-09-19T07:39:02.690+0000
]]></system-out>
  <system-err><![CDATA[]]></system-err>
</testsuite>
