<?xml version="1.0" encoding="UTF-8"?>
<testsuite name="com.telran.phonebook.apiTests.DeleteContactByIdRestAssuredTests" tests="1" skipped="0" failures="0" errors="0" timestamp="2022-09-19T09:47:38" hostname="MacBook-Pro-rodion.local" time="1.018">
  <properties/>
  <testcase name="deleteContactByIdPositiveTest" classname="com.telran.phonebook.apiTests.DeleteContactByIdRestAssuredTests" time="1.018"/>
  <system-out><![CDATA[Contact was deleted!
]]></system-out>
  <system-err><![CDATA[]]></system-err>
</testsuite>
